----------------------------------------------------------------
Fri Oct 14 15:45:25 CEST 2022:
Booting Derby version The Apache Software Foundation - Apache Derby - 10.14.2.0 - (1828579): instance a816c00e-0183-d6be-13c7-00000b90af48 
on database directory /home/sebas/Documentos/CIBER/SAPP/store-app/work/database with class loader jdk.internal.loader.ClassLoaders$AppClassLoader@55054057 
Loaded from file:/home/sebas/.m2/repository/org/apache/derby/derby/10.14.2.0/derby-10.14.2.0.jar
java.vendor=Ubuntu
java.runtime.version=11.0.16+8-post-Ubuntu-0ubuntu122.04
user.dir=/home/sebas/Documentos/CIBER/SAPP/store-app
os.name=Linux
os.arch=amd64
os.version=5.15.0-48-generic
derby.system.home=null
Database Class Loader started - derby.database.classpath=''
----------------------------------------------------------------
Fri Oct 14 15:45:52 CEST 2022:
Shutting down instance a816c00e-0183-d6be-13c7-00000b90af48 on database directory /home/sebas/Documentos/CIBER/SAPP/store-app/work/database with class loader jdk.internal.loader.ClassLoaders$AppClassLoader@55054057 
Fri Oct 14 15:45:52 CEST 2022 Thread[Thread-19,5,main] Cleanup action starting
ERROR XBM0I: Directory work/database cannot be removed.
	at org.apache.derby.iapi.error.StandardException.newException(Unknown Source)
	at org.apache.derby.iapi.error.StandardException.newException(Unknown Source)
	at org.apache.derby.iapi.services.monitor.Monitor.removePersistentService(Unknown Source)
	at org.apache.derby.impl.jdbc.EmbedConnection$6.run(Unknown Source)
	at java.base/java.security.AccessController.doPrivileged(Native Method)
	at org.apache.derby.impl.jdbc.EmbedConnection.removePersistentService(Unknown Source)
	at org.apache.derby.impl.jdbc.EmbedConnection.<init>(Unknown Source)
	at org.apache.derby.jdbc.InternalDriver$1.run(Unknown Source)
	at org.apache.derby.jdbc.InternalDriver$1.run(Unknown Source)
	at java.base/java.security.AccessController.doPrivileged(Native Method)
	at org.apache.derby.jdbc.InternalDriver.getNewEmbedConnection(Unknown Source)
	at org.apache.derby.jdbc.InternalDriver$LoginCallable.call(Unknown Source)
	at org.apache.derby.jdbc.InternalDriver$LoginCallable.call(Unknown Source)
	at java.base/java.util.concurrent.FutureTask.run(FutureTask.java:264)
	at java.base/java.util.concurrent.ThreadPoolExecutor.runWorker(ThreadPoolExecutor.java:1128)
	at java.base/java.util.concurrent.ThreadPoolExecutor$Worker.run(ThreadPoolExecutor.java:628)
	at java.base/java.lang.Thread.run(Thread.java:829)
Cleanup action completed
Fri Oct 14 15:45:52 CEST 2022 Thread[Thread-19,5,main] Cleanup action starting
ERROR XBM0I: Directory work/database cannot be removed.
	at org.apache.derby.iapi.error.StandardException.newException(Unknown Source)
	at org.apache.derby.iapi.error.StandardException.newException(Unknown Source)
	at org.apache.derby.iapi.services.monitor.Monitor.removePersistentService(Unknown Source)
	at org.apache.derby.impl.jdbc.EmbedConnection$6.run(Unknown Source)
	at java.base/java.security.AccessController.doPrivileged(Native Method)
	at org.apache.derby.impl.jdbc.EmbedConnection.removePersistentService(Unknown Source)
	at org.apache.derby.impl.jdbc.EmbedConnection.<init>(Unknown Source)
	at org.apache.derby.jdbc.InternalDriver$1.run(Unknown Source)
	at org.apache.derby.jdbc.InternalDriver$1.run(Unknown Source)
	at java.base/java.security.AccessController.doPrivileged(Native Method)
	at org.apache.derby.jdbc.InternalDriver.getNewEmbedConnection(Unknown Source)
	at org.apache.derby.jdbc.InternalDriver$LoginCallable.call(Unknown Source)
	at org.apache.derby.jdbc.InternalDriver$LoginCallable.call(Unknown Source)
	at java.base/java.util.concurrent.FutureTask.run(FutureTask.java:264)
	at java.base/java.util.concurrent.ThreadPoolExecutor.runWorker(ThreadPoolExecutor.java:1128)
	at java.base/java.util.concurrent.ThreadPoolExecutor$Worker.run(ThreadPoolExecutor.java:628)
	at java.base/java.lang.Thread.run(Thread.java:829)
Cleanup action completed
----------------------------------------------------------------
Fri Oct 14 15:45:54 CEST 2022:
Booting Derby version The Apache Software Foundation - Apache Derby - 10.14.2.0 - (1828579): instance 6839c016-0183-d6be-13c7-00000b90af48 
on database directory memory:/home/sebas/Documentos/CIBER/SAPP/store-app/a39ce3d3-dfdf-4202-a8a3-36db00d360d2 with class loader jdk.internal.loader.ClassLoaders$AppClassLoader@55054057 
Loaded from file:/home/sebas/.m2/repository/org/apache/derby/derby/10.14.2.0/derby-10.14.2.0.jar
java.vendor=Ubuntu
java.runtime.version=11.0.16+8-post-Ubuntu-0ubuntu122.04
user.dir=/home/sebas/Documentos/CIBER/SAPP/store-app
os.name=Linux
os.arch=amd64
os.version=5.15.0-48-generic
derby.system.home=null
Database Class Loader started - derby.database.classpath=''
----------------------------------------------------------------
Fri Oct 14 15:45:58 CEST 2022:
Booting Derby version The Apache Software Foundation - Apache Derby - 10.14.2.0 - (1828579): instance af8ec0b3-0183-d6be-13c7-00000b90af48 
on database directory /home/sebas/Documentos/CIBER/SAPP/store-app/work/database with class loader jdk.internal.loader.ClassLoaders$AppClassLoader@55054057 
Loaded from file:/home/sebas/.m2/repository/org/apache/derby/derby/10.14.2.0/derby-10.14.2.0.jar
java.vendor=Ubuntu
java.runtime.version=11.0.16+8-post-Ubuntu-0ubuntu122.04
user.dir=/home/sebas/Documentos/CIBER/SAPP/store-app
os.name=Linux
os.arch=amd64
os.version=5.15.0-48-generic
derby.system.home=null
Database Class Loader started - derby.database.classpath=''
